<?xml version="1.0" encoding="UTF-8"?>
<testsuite name="yongs.temp.service.CoffeeConsumerServiceTest" tests="1" skipped="0" failures="0" errors="0" timestamp="2020-11-28T06:10:32" hostname="DESKTOP-GATTK1M" time="1.072">
  <properties/>
  <testcase name="Kafka_Coffee_메시지수신()" classname="yongs.temp.service.CoffeeConsumerServiceTest" time="1.072"/>
  <system-out><![CDATA[15:10:28.500 [Test worker] DEBUG org.springframework.test.context.BootstrapUtils - Instantiating CacheAwareContextLoaderDelegate from class [org.springframework.test.context.cache.DefaultCacheAwareContextLoaderDelegate]
15:10:28.517 [Test worker] DEBUG org.springframework.test.context.BootstrapUtils - Instantiating BootstrapContext using constructor [public org.springframework.test.context.support.DefaultBootstrapContext(java.lang.Class,org.springframework.test.context.CacheAwareContextLoaderDelegate)]
15:10:28.548 [Test worker] DEBUG org.springframework.test.context.BootstrapUtils - Instantiating TestContextBootstrapper for test class [yongs.temp.service.CoffeeConsumerServiceTest] from class [org.springframework.boot.test.context.SpringBootTestContextBootstrapper]
15:10:28.570 [Test worker] INFO org.springframework.boot.test.context.SpringBootTestContextBootstrapper - Neither @ContextConfiguration nor @ContextHierarchy found for test class [yongs.temp.service.CoffeeConsumerServiceTest], using SpringBootContextLoader
15:10:28.575 [Test worker] DEBUG org.springframework.test.context.support.AbstractContextLoader - Did not detect default resource location for test class [yongs.temp.service.CoffeeConsumerServiceTest]: class path resource [yongs/temp/service/CoffeeConsumerServiceTest-context.xml] does not exist
15:10:28.576 [Test worker] DEBUG org.springframework.test.context.support.AbstractContextLoader - Did not detect default resource location for test class [yongs.temp.service.CoffeeConsumerServiceTest]: class path resource [yongs/temp/service/CoffeeConsumerServiceTestContext.groovy] does not exist
15:10:28.577 [Test worker] INFO org.springframework.test.context.support.AbstractContextLoader - Could not detect default resource locations for test class [yongs.temp.service.CoffeeConsumerServiceTest]: no resource found for suffixes {-context.xml, Context.groovy}.
15:10:28.578 [Test worker] INFO org.springframework.test.context.support.AnnotationConfigContextLoaderUtils - Could not detect default configuration classes for test class [yongs.temp.service.CoffeeConsumerServiceTest]: CoffeeConsumerServiceTest does not declare any static, non-private, non-final, nested classes annotated with @Configuration.
15:10:28.626 [Test worker] DEBUG org.springframework.test.context.support.ActiveProfilesUtils - Could not find an 'annotation declaring class' for annotation type [org.springframework.test.context.ActiveProfiles] and class [yongs.temp.service.CoffeeConsumerServiceTest]
15:10:28.735 [Test worker] DEBUG org.springframework.context.annotation.ClassPathScanningCandidateComponentProvider - Identified candidate component class: file [D:\workspace\project\sample-kafka\consumer3\build\classes\java\main\yongs\temp\Consumer3Application.class]
15:10:28.736 [Test worker] INFO org.springframework.boot.test.context.SpringBootTestContextBootstrapper - Found @SpringBootConfiguration yongs.temp.Consumer3Application for test class yongs.temp.service.CoffeeConsumerServiceTest
15:10:28.866 [Test worker] DEBUG org.springframework.boot.test.context.SpringBootTestContextBootstrapper - @TestExecutionListeners is not present for class [yongs.temp.service.CoffeeConsumerServiceTest]: using defaults.
15:10:28.867 [Test worker] INFO org.springframework.boot.test.context.SpringBootTestContextBootstrapper - Loaded default TestExecutionListener class names from location [META-INF/spring.factories]: [org.springframework.boot.test.autoconfigure.restdocs.RestDocsTestExecutionListener, org.springframework.boot.test.autoconfigure.web.client.MockRestServiceServerResetTestExecutionListener, org.springframework.boot.test.autoconfigure.web.servlet.MockMvcPrintOnlyOnFailureTestExecutionListener, org.springframework.boot.test.autoconfigure.web.servlet.WebDriverTestExecutionListener, org.springframework.boot.test.autoconfigure.webservices.client.MockWebServiceServerTestExecutionListener, org.springframework.boot.test.mock.mockito.MockitoTestExecutionListener, org.springframework.boot.test.mock.mockito.ResetMocksTestExecutionListener, org.springframework.test.context.web.ServletTestExecutionListener, org.springframework.test.context.support.DirtiesContextBeforeModesTestExecutionListener, org.springframework.test.context.support.DependencyInjectionTestExecutionListener, org.springframework.test.context.support.DirtiesContextTestExecutionListener, org.springframework.test.context.transaction.TransactionalTestExecutionListener, org.springframework.test.context.jdbc.SqlScriptsTestExecutionListener, org.springframework.test.context.event.EventPublishingTestExecutionListener]
15:10:28.887 [Test worker] INFO org.springframework.boot.test.context.SpringBootTestContextBootstrapper - Using TestExecutionListeners: [org.springframework.test.context.web.ServletTestExecutionListener@7e51d1f5, org.springframework.test.context.support.DirtiesContextBeforeModesTestExecutionListener@11691b5b, org.springframework.boot.test.mock.mockito.MockitoTestExecutionListener@74e75c71, org.springframework.boot.test.autoconfigure.SpringBootDependencyInjectionTestExecutionListener@1c87e7e0, org.springframework.test.context.support.DirtiesContextTestExecutionListener@6c2943fc, org.springframework.test.context.transaction.TransactionalTestExecutionListener@35433ee1, org.springframework.test.context.jdbc.SqlScriptsTestExecutionListener@7b89f8ec, org.springframework.test.context.event.EventPublishingTestExecutionListener@5812a89a, org.springframework.boot.test.autoconfigure.restdocs.RestDocsTestExecutionListener@7e0236c7, org.springframework.boot.test.autoconfigure.web.client.MockRestServiceServerResetTestExecutionListener@521abbd0, org.springframework.boot.test.autoconfigure.web.servlet.MockMvcPrintOnlyOnFailureTestExecutionListener@666077e7, org.springframework.boot.test.autoconfigure.web.servlet.WebDriverTestExecutionListener@2bfb45c9, org.springframework.boot.test.autoconfigure.webservices.client.MockWebServiceServerTestExecutionListener@4420fa7f, org.springframework.boot.test.mock.mockito.ResetMocksTestExecutionListener@43e30d10]
15:10:28.893 [Test worker] DEBUG org.springframework.test.context.support.AbstractDirtiesContextTestExecutionListener - Before test class: context [DefaultTestContext@56a7215b testClass = CoffeeConsumerServiceTest, testInstance = [null], testMethod = [null], testException = [null], mergedContextConfiguration = [WebMergedContextConfiguration@1f4c136e testClass = CoffeeConsumerServiceTest, locations = '{}', classes = '{class yongs.temp.Consumer3Application}', contextInitializerClasses = '[]', activeProfiles = '{}', propertySourceLocations = '{}', propertySourceProperties = '{org.springframework.boot.test.context.SpringBootTestContextBootstrapper=true}', contextCustomizers = set[org.springframework.boot.test.autoconfigure.properties.PropertyMappingContextCustomizer@0, org.springframework.boot.test.autoconfigure.web.servlet.WebDriverContextCustomizerFactory$Customizer@1dc119, org.springframework.boot.test.context.filter.ExcludeFilterContextCustomizer@b8f1f0f, org.springframework.boot.test.json.DuplicateJsonObjectContextCustomizerFactory$DuplicateJsonObjectContextCustomizer@1c61eca7, org.springframework.boot.test.mock.mockito.MockitoContextCustomizer@0, org.springframework.boot.test.web.client.TestRestTemplateContextCustomizer@5091633c, org.springframework.boot.test.context.SpringBootTestArgs@1, org.springframework.boot.test.context.SpringBootTestWebEnvironment@52b1ac49], resourceBasePath = 'src/main/webapp', contextLoader = 'org.springframework.boot.test.context.SpringBootContextLoader', parent = [null]], attributes = map['org.springframework.test.context.web.ServletTestExecutionListener.activateListener' -> true]], class annotated with @DirtiesContext [false] with mode [null].
15:10:28.928 [Test worker] DEBUG org.springframework.test.context.support.TestPropertySourceUtils - Adding inlined properties to environment: {spring.jmx.enabled=false, org.springframework.boot.test.context.SpringBootTestContextBootstrapper=true}

  .   ____          _            __ _ _
 /\\ / ___'_ __ _ _(_)_ __  __ _ \ \ \ \
( ( )\___ | '_ | '_| | '_ \/ _` | \ \ \ \
 \\/  ___)| |_)| | | | | || (_| |  ) ) ) )
  '  |____| .__|_| |_|_| |_\__, | / / / /
 =========|_|==============|___/=/_/_/_/
 :: Spring Boot ::        (v2.3.6.RELEASE)

2020-11-28 15:10:29.379  INFO 102960 --- [    Test worker] y.t.service.CoffeeConsumerServiceTest    : Starting CoffeeConsumerServiceTest on DESKTOP-GATTK1M with PID 102960 (started by yongs in D:\workspace\project\sample-kafka\consumer3)
2020-11-28 15:10:29.381 DEBUG 102960 --- [    Test worker] y.t.service.CoffeeConsumerServiceTest    : Running with Spring Boot v2.3.6.RELEASE, Spring v5.2.11.RELEASE
2020-11-28 15:10:29.381  INFO 102960 --- [    Test worker] y.t.service.CoffeeConsumerServiceTest    : No active profile set, falling back to default profiles: default
2020-11-28 15:10:31.204  INFO 102960 --- [    Test worker] o.s.s.concurrent.ThreadPoolTaskExecutor  : Initializing ExecutorService 'applicationTaskExecutor'
2020-11-28 15:10:31.778  INFO 102960 --- [    Test worker] o.a.k.clients.consumer.ConsumerConfig    : ConsumerConfig values: 
	allow.auto.create.topics = true
	auto.commit.interval.ms = 5000
	auto.offset.reset = latest
	bootstrap.servers = [localhost:9091, localhost:9092, localhost:9093]
	check.crcs = true
	client.dns.lookup = default
	client.id = 
	client.rack = 
	connections.max.idle.ms = 540000
	default.api.timeout.ms = 60000
	enable.auto.commit = false
	exclude.internal.topics = true
	fetch.max.bytes = 52428800
	fetch.max.wait.ms = 500
	fetch.min.bytes = 1
	group.id = lisa
	group.instance.id = null
	heartbeat.interval.ms = 3000
	interceptor.classes = []
	internal.leave.group.on.close = true
	isolation.level = read_uncommitted
	key.deserializer = class org.apache.kafka.common.serialization.StringDeserializer
	max.partition.fetch.bytes = 1048576
	max.poll.interval.ms = 300000
	max.poll.records = 500
	metadata.max.age.ms = 300000
	metric.reporters = []
	metrics.num.samples = 2
	metrics.recording.level = INFO
	metrics.sample.window.ms = 30000
	partition.assignment.strategy = [class org.apache.kafka.clients.consumer.RangeAssignor]
	receive.buffer.bytes = 65536
	reconnect.backoff.max.ms = 1000
	reconnect.backoff.ms = 50
	request.timeout.ms = 30000
	retry.backoff.ms = 100
	sasl.client.callback.handler.class = null
	sasl.jaas.config = null
	sasl.kerberos.kinit.cmd = /usr/bin/kinit
	sasl.kerberos.min.time.before.relogin = 60000
	sasl.kerberos.service.name = null
	sasl.kerberos.ticket.renew.jitter = 0.05
	sasl.kerberos.ticket.renew.window.factor = 0.8
	sasl.login.callback.handler.class = null
	sasl.login.class = null
	sasl.login.refresh.buffer.seconds = 300
	sasl.login.refresh.min.period.seconds = 60
	sasl.login.refresh.window.factor = 0.8
	sasl.login.refresh.window.jitter = 0.05
	sasl.mechanism = GSSAPI
	security.protocol = PLAINTEXT
	security.providers = null
	send.buffer.bytes = 131072
	session.timeout.ms = 10000
	ssl.cipher.suites = null
	ssl.enabled.protocols = [TLSv1.2]
	ssl.endpoint.identification.algorithm = https
	ssl.key.password = null
	ssl.keymanager.algorithm = SunX509
	ssl.keystore.location = null
	ssl.keystore.password = null
	ssl.keystore.type = JKS
	ssl.protocol = TLSv1.2
	ssl.provider = null
	ssl.secure.random.implementation = null
	ssl.trustmanager.algorithm = PKIX
	ssl.truststore.location = null
	ssl.truststore.password = null
	ssl.truststore.type = JKS
	value.deserializer = class org.apache.kafka.common.serialization.StringDeserializer

2020-11-28 15:10:32.014  INFO 102960 --- [    Test worker] o.a.kafka.common.utils.AppInfoParser     : Kafka version: 2.5.1
2020-11-28 15:10:32.016  INFO 102960 --- [    Test worker] o.a.kafka.common.utils.AppInfoParser     : Kafka commitId: 0efa8fb0f4c73d92
2020-11-28 15:10:32.016  INFO 102960 --- [    Test worker] o.a.kafka.common.utils.AppInfoParser     : Kafka startTimeMs: 1606543832012
2020-11-28 15:10:32.022  INFO 102960 --- [    Test worker] o.a.k.clients.consumer.KafkaConsumer     : [Consumer clientId=consumer-lisa-1, groupId=lisa] Subscribed to topic(s): producer-consumer-member
2020-11-28 15:10:32.026  INFO 102960 --- [    Test worker] o.s.s.c.ThreadPoolTaskScheduler          : Initializing ExecutorService
2020-11-28 15:10:32.039  INFO 102960 --- [    Test worker] o.a.k.clients.consumer.ConsumerConfig    : ConsumerConfig values: 
	allow.auto.create.topics = true
	auto.commit.interval.ms = 5000
	auto.offset.reset = latest
	bootstrap.servers = [localhost:9091, localhost:9092, localhost:9093]
	check.crcs = true
	client.dns.lookup = default
	client.id = 
	client.rack = 
	connections.max.idle.ms = 540000
	default.api.timeout.ms = 60000
	enable.auto.commit = false
	exclude.internal.topics = true
	fetch.max.bytes = 52428800
	fetch.max.wait.ms = 500
	fetch.min.bytes = 1
	group.id = lisa
	group.instance.id = null
	heartbeat.interval.ms = 3000
	interceptor.classes = []
	internal.leave.group.on.close = true
	isolation.level = read_uncommitted
	key.deserializer = class org.apache.kafka.common.serialization.StringDeserializer
	max.partition.fetch.bytes = 1048576
	max.poll.interval.ms = 300000
	max.poll.records = 500
	metadata.max.age.ms = 300000
	metric.reporters = []
	metrics.num.samples = 2
	metrics.recording.level = INFO
	metrics.sample.window.ms = 30000
	partition.assignment.strategy = [class org.apache.kafka.clients.consumer.RangeAssignor]
	receive.buffer.bytes = 65536
	reconnect.backoff.max.ms = 1000
	reconnect.backoff.ms = 50
	request.timeout.ms = 30000
	retry.backoff.ms = 100
	sasl.client.callback.handler.class = null
	sasl.jaas.config = null
	sasl.kerberos.kinit.cmd = /usr/bin/kinit
	sasl.kerberos.min.time.before.relogin = 60000
	sasl.kerberos.service.name = null
	sasl.kerberos.ticket.renew.jitter = 0.05
	sasl.kerberos.ticket.renew.window.factor = 0.8
	sasl.login.callback.handler.class = null
	sasl.login.class = null
	sasl.login.refresh.buffer.seconds = 300
	sasl.login.refresh.min.period.seconds = 60
	sasl.login.refresh.window.factor = 0.8
	sasl.login.refresh.window.jitter = 0.05
	sasl.mechanism = GSSAPI
	security.protocol = PLAINTEXT
	security.providers = null
	send.buffer.bytes = 131072
	session.timeout.ms = 10000
	ssl.cipher.suites = null
	ssl.enabled.protocols = [TLSv1.2]
	ssl.endpoint.identification.algorithm = https
	ssl.key.password = null
	ssl.keymanager.algorithm = SunX509
	ssl.keystore.location = null
	ssl.keystore.password = null
	ssl.keystore.type = JKS
	ssl.protocol = TLSv1.2
	ssl.provider = null
	ssl.secure.random.implementation = null
	ssl.trustmanager.algorithm = PKIX
	ssl.truststore.location = null
	ssl.truststore.password = null
	ssl.truststore.type = JKS
	value.deserializer = class org.apache.kafka.common.serialization.StringDeserializer

2020-11-28 15:10:32.059  INFO 102960 --- [    Test worker] o.a.kafka.common.utils.AppInfoParser     : Kafka version: 2.5.1
2020-11-28 15:10:32.060  INFO 102960 --- [    Test worker] o.a.kafka.common.utils.AppInfoParser     : Kafka commitId: 0efa8fb0f4c73d92
2020-11-28 15:10:32.060  INFO 102960 --- [    Test worker] o.a.kafka.common.utils.AppInfoParser     : Kafka startTimeMs: 1606543832059
2020-11-28 15:10:32.060  INFO 102960 --- [    Test worker] o.a.k.clients.consumer.KafkaConsumer     : [Consumer clientId=consumer-lisa-2, groupId=lisa] Subscribed to topic(s): producer-consumer-member
2020-11-28 15:10:32.061  INFO 102960 --- [    Test worker] o.s.s.c.ThreadPoolTaskScheduler          : Initializing ExecutorService
2020-11-28 15:10:32.066  INFO 102960 --- [    Test worker] o.a.k.clients.consumer.ConsumerConfig    : ConsumerConfig values: 
	allow.auto.create.topics = true
	auto.commit.interval.ms = 5000
	auto.offset.reset = latest
	bootstrap.servers = [localhost:9091, localhost:9092, localhost:9093]
	check.crcs = true
	client.dns.lookup = default
	client.id = 
	client.rack = 
	connections.max.idle.ms = 540000
	default.api.timeout.ms = 60000
	enable.auto.commit = false
	exclude.internal.topics = true
	fetch.max.bytes = 52428800
	fetch.max.wait.ms = 500
	fetch.min.bytes = 1
	group.id = lisa
	group.instance.id = null
	heartbeat.interval.ms = 3000
	interceptor.classes = []
	internal.leave.group.on.close = true
	isolation.level = read_uncommitted
	key.deserializer = class org.apache.kafka.common.serialization.StringDeserializer
	max.partition.fetch.bytes = 1048576
	max.poll.interval.ms = 300000
	max.poll.records = 500
	metadata.max.age.ms = 300000
	metric.reporters = []
	metrics.num.samples = 2
	metrics.recording.level = INFO
	metrics.sample.window.ms = 30000
	partition.assignment.strategy = [class org.apache.kafka.clients.consumer.RangeAssignor]
	receive.buffer.bytes = 65536
	reconnect.backoff.max.ms = 1000
	reconnect.backoff.ms = 50
	request.timeout.ms = 30000
	retry.backoff.ms = 100
	sasl.client.callback.handler.class = null
	sasl.jaas.config = null
	sasl.kerberos.kinit.cmd = /usr/bin/kinit
	sasl.kerberos.min.time.before.relogin = 60000
	sasl.kerberos.service.name = null
	sasl.kerberos.ticket.renew.jitter = 0.05
	sasl.kerberos.ticket.renew.window.factor = 0.8
	sasl.login.callback.handler.class = null
	sasl.login.class = null
	sasl.login.refresh.buffer.seconds = 300
	sasl.login.refresh.min.period.seconds = 60
	sasl.login.refresh.window.factor = 0.8
	sasl.login.refresh.window.jitter = 0.05
	sasl.mechanism = GSSAPI
	security.protocol = PLAINTEXT
	security.providers = null
	send.buffer.bytes = 131072
	session.timeout.ms = 10000
	ssl.cipher.suites = null
	ssl.enabled.protocols = [TLSv1.2]
	ssl.endpoint.identification.algorithm = https
	ssl.key.password = null
	ssl.keymanager.algorithm = SunX509
	ssl.keystore.location = null
	ssl.keystore.password = null
	ssl.keystore.type = JKS
	ssl.protocol = TLSv1.2
	ssl.provider = null
	ssl.secure.random.implementation = null
	ssl.trustmanager.algorithm = PKIX
	ssl.truststore.location = null
	ssl.truststore.password = null
	ssl.truststore.type = JKS
	value.deserializer = class org.apache.kafka.common.serialization.StringDeserializer

2020-11-28 15:10:32.084  INFO 102960 --- [    Test worker] o.a.kafka.common.utils.AppInfoParser     : Kafka version: 2.5.1
2020-11-28 15:10:32.084  INFO 102960 --- [    Test worker] o.a.kafka.common.utils.AppInfoParser     : Kafka commitId: 0efa8fb0f4c73d92
2020-11-28 15:10:32.084  INFO 102960 --- [    Test worker] o.a.kafka.common.utils.AppInfoParser     : Kafka startTimeMs: 1606543832084
2020-11-28 15:10:32.085  INFO 102960 --- [    Test worker] o.a.k.clients.consumer.KafkaConsumer     : [Consumer clientId=consumer-lisa-3, groupId=lisa] Subscribed to topic(s): producer-consumer-member
2020-11-28 15:10:32.085  INFO 102960 --- [    Test worker] o.s.s.c.ThreadPoolTaskScheduler          : Initializing ExecutorService
2020-11-28 15:10:32.098  INFO 102960 --- [    Test worker] o.a.k.clients.consumer.ConsumerConfig    : ConsumerConfig values: 
	allow.auto.create.topics = true
	auto.commit.interval.ms = 5000
	auto.offset.reset = latest
	bootstrap.servers = [localhost:9091, localhost:9092, localhost:9093]
	check.crcs = true
	client.dns.lookup = default
	client.id = 
	client.rack = 
	connections.max.idle.ms = 540000
	default.api.timeout.ms = 60000
	enable.auto.commit = false
	exclude.internal.topics = true
	fetch.max.bytes = 52428800
	fetch.max.wait.ms = 500
	fetch.min.bytes = 1
	group.id = lisa
	group.instance.id = null
	heartbeat.interval.ms = 3000
	interceptor.classes = []
	internal.leave.group.on.close = true
	isolation.level = read_uncommitted
	key.deserializer = class org.apache.kafka.common.serialization.StringDeserializer
	max.partition.fetch.bytes = 1048576
	max.poll.interval.ms = 300000
	max.poll.records = 500
	metadata.max.age.ms = 300000
	metric.reporters = []
	metrics.num.samples = 2
	metrics.recording.level = INFO
	metrics.sample.window.ms = 30000
	partition.assignment.strategy = [class org.apache.kafka.clients.consumer.RangeAssignor]
	receive.buffer.bytes = 65536
	reconnect.backoff.max.ms = 1000
	reconnect.backoff.ms = 50
	request.timeout.ms = 30000
	retry.backoff.ms = 100
	sasl.client.callback.handler.class = null
	sasl.jaas.config = null
	sasl.kerberos.kinit.cmd = /usr/bin/kinit
	sasl.kerberos.min.time.before.relogin = 60000
	sasl.kerberos.service.name = null
	sasl.kerberos.ticket.renew.jitter = 0.05
	sasl.kerberos.ticket.renew.window.factor = 0.8
	sasl.login.callback.handler.class = null
	sasl.login.class = null
	sasl.login.refresh.buffer.seconds = 300
	sasl.login.refresh.min.period.seconds = 60
	sasl.login.refresh.window.factor = 0.8
	sasl.login.refresh.window.jitter = 0.05
	sasl.mechanism = GSSAPI
	security.protocol = PLAINTEXT
	security.providers = null
	send.buffer.bytes = 131072
	session.timeout.ms = 10000
	ssl.cipher.suites = null
	ssl.enabled.protocols = [TLSv1.2]
	ssl.endpoint.identification.algorithm = https
	ssl.key.password = null
	ssl.keymanager.algorithm = SunX509
	ssl.keystore.location = null
	ssl.keystore.password = null
	ssl.keystore.type = JKS
	ssl.protocol = TLSv1.2
	ssl.provider = null
	ssl.secure.random.implementation = null
	ssl.trustmanager.algorithm = PKIX
	ssl.truststore.location = null
	ssl.truststore.password = null
	ssl.truststore.type = JKS
	value.deserializer = class org.apache.kafka.common.serialization.StringDeserializer

2020-11-28 15:10:32.130  INFO 102960 --- [    Test worker] o.a.kafka.common.utils.AppInfoParser     : Kafka version: 2.5.1
2020-11-28 15:10:32.130  INFO 102960 --- [    Test worker] o.a.kafka.common.utils.AppInfoParser     : Kafka commitId: 0efa8fb0f4c73d92
2020-11-28 15:10:32.131  INFO 102960 --- [    Test worker] o.a.kafka.common.utils.AppInfoParser     : Kafka startTimeMs: 1606543832129
2020-11-28 15:10:32.131  INFO 102960 --- [    Test worker] o.a.k.clients.consumer.KafkaConsumer     : [Consumer clientId=consumer-lisa-4, groupId=lisa] Subscribed to topic(s): producer-consumer-member
2020-11-28 15:10:32.131  INFO 102960 --- [    Test worker] o.s.s.c.ThreadPoolTaskScheduler          : Initializing ExecutorService
2020-11-28 15:10:32.148  INFO 102960 --- [    Test worker] o.a.k.clients.consumer.ConsumerConfig    : ConsumerConfig values: 
	allow.auto.create.topics = true
	auto.commit.interval.ms = 5000
	auto.offset.reset = latest
	bootstrap.servers = [localhost:9091, localhost:9092, localhost:9093]
	check.crcs = true
	client.dns.lookup = default
	client.id = 
	client.rack = 
	connections.max.idle.ms = 540000
	default.api.timeout.ms = 60000
	enable.auto.commit = false
	exclude.internal.topics = true
	fetch.max.bytes = 52428800
	fetch.max.wait.ms = 500
	fetch.min.bytes = 1
	group.id = lisa
	group.instance.id = null
	heartbeat.interval.ms = 3000
	interceptor.classes = []
	internal.leave.group.on.close = true
	isolation.level = read_uncommitted
	key.deserializer = class org.apache.kafka.common.serialization.StringDeserializer
	max.partition.fetch.bytes = 1048576
	max.poll.interval.ms = 300000
	max.poll.records = 500
	metadata.max.age.ms = 300000
	metric.reporters = []
	metrics.num.samples = 2
	metrics.recording.level = INFO
	metrics.sample.window.ms = 30000
	partition.assignment.strategy = [class org.apache.kafka.clients.consumer.RangeAssignor]
	receive.buffer.bytes = 65536
	reconnect.backoff.max.ms = 1000
	reconnect.backoff.ms = 50
	request.timeout.ms = 30000
	retry.backoff.ms = 100
	sasl.client.callback.handler.class = null
	sasl.jaas.config = null
	sasl.kerberos.kinit.cmd = /usr/bin/kinit
	sasl.kerberos.min.time.before.relogin = 60000
	sasl.kerberos.service.name = null
	sasl.kerberos.ticket.renew.jitter = 0.05
	sasl.kerberos.ticket.renew.window.factor = 0.8
	sasl.login.callback.handler.class = null
	sasl.login.class = null
	sasl.login.refresh.buffer.seconds = 300
	sasl.login.refresh.min.period.seconds = 60
	sasl.login.refresh.window.factor = 0.8
	sasl.login.refresh.window.jitter = 0.05
	sasl.mechanism = GSSAPI
	security.protocol = PLAINTEXT
	security.providers = null
	send.buffer.bytes = 131072
	session.timeout.ms = 10000
	ssl.cipher.suites = null
	ssl.enabled.protocols = [TLSv1.2]
	ssl.endpoint.identification.algorithm = https
	ssl.key.password = null
	ssl.keymanager.algorithm = SunX509
	ssl.keystore.location = null
	ssl.keystore.password = null
	ssl.keystore.type = JKS
	ssl.protocol = TLSv1.2
	ssl.provider = null
	ssl.secure.random.implementation = null
	ssl.trustmanager.algorithm = PKIX
	ssl.truststore.location = null
	ssl.truststore.password = null
	ssl.truststore.type = JKS
	value.deserializer = class org.apache.kafka.common.serialization.StringDeserializer

2020-11-28 15:10:32.189  INFO 102960 --- [    Test worker] o.a.kafka.common.utils.AppInfoParser     : Kafka version: 2.5.1
2020-11-28 15:10:32.190  INFO 102960 --- [    Test worker] o.a.kafka.common.utils.AppInfoParser     : Kafka commitId: 0efa8fb0f4c73d92
2020-11-28 15:10:32.191  INFO 102960 --- [    Test worker] o.a.kafka.common.utils.AppInfoParser     : Kafka startTimeMs: 1606543832189
2020-11-28 15:10:32.192  INFO 102960 --- [    Test worker] o.a.k.clients.consumer.KafkaConsumer     : [Consumer clientId=consumer-lisa-5, groupId=lisa] Subscribed to topic(s): producer-consumer-member
2020-11-28 15:10:32.192  INFO 102960 --- [    Test worker] o.s.s.c.ThreadPoolTaskScheduler          : Initializing ExecutorService
2020-11-28 15:10:32.197  INFO 102960 --- [    Test worker] o.a.k.clients.consumer.ConsumerConfig    : ConsumerConfig values: 
	allow.auto.create.topics = true
	auto.commit.interval.ms = 5000
	auto.offset.reset = earliest
	bootstrap.servers = [localhost:9091, localhost:9092, localhost:9093]
	check.crcs = true
	client.dns.lookup = default
	client.id = 
	client.rack = 
	connections.max.idle.ms = 540000
	default.api.timeout.ms = 60000
	enable.auto.commit = false
	exclude.internal.topics = true
	fetch.max.bytes = 52428800
	fetch.max.wait.ms = 500
	fetch.min.bytes = 1
	group.id = eddy
	group.instance.id = null
	heartbeat.interval.ms = 3000
	interceptor.classes = []
	internal.leave.group.on.close = true
	isolation.level = read_uncommitted
	key.deserializer = class org.apache.kafka.common.serialization.StringDeserializer
	max.partition.fetch.bytes = 1048576
	max.poll.interval.ms = 300000
	max.poll.records = 500
	metadata.max.age.ms = 300000
	metric.reporters = []
	metrics.num.samples = 2
	metrics.recording.level = INFO
	metrics.sample.window.ms = 30000
	partition.assignment.strategy = [class org.apache.kafka.clients.consumer.RangeAssignor]
	receive.buffer.bytes = 65536
	reconnect.backoff.max.ms = 1000
	reconnect.backoff.ms = 50
	request.timeout.ms = 30000
	retry.backoff.ms = 100
	sasl.client.callback.handler.class = null
	sasl.jaas.config = null
	sasl.kerberos.kinit.cmd = /usr/bin/kinit
	sasl.kerberos.min.time.before.relogin = 60000
	sasl.kerberos.service.name = null
	sasl.kerberos.ticket.renew.jitter = 0.05
	sasl.kerberos.ticket.renew.window.factor = 0.8
	sasl.login.callback.handler.class = null
	sasl.login.class = null
	sasl.login.refresh.buffer.seconds = 300
	sasl.login.refresh.min.period.seconds = 60
	sasl.login.refresh.window.factor = 0.8
	sasl.login.refresh.window.jitter = 0.05
	sasl.mechanism = GSSAPI
	security.protocol = PLAINTEXT
	security.providers = null
	send.buffer.bytes = 131072
	session.timeout.ms = 10000
	ssl.cipher.suites = null
	ssl.enabled.protocols = [TLSv1.2]
	ssl.endpoint.identification.algorithm = https
	ssl.key.password = null
	ssl.keymanager.algorithm = SunX509
	ssl.keystore.location = null
	ssl.keystore.password = null
	ssl.keystore.type = JKS
	ssl.protocol = TLSv1.2
	ssl.provider = null
	ssl.secure.random.implementation = null
	ssl.trustmanager.algorithm = PKIX
	ssl.truststore.location = null
	ssl.truststore.password = null
	ssl.truststore.type = JKS
	value.deserializer = class org.springframework.kafka.support.serializer.JsonDeserializer

2020-11-28 15:10:32.207  INFO 102960 --- [    Test worker] o.a.kafka.common.utils.AppInfoParser     : Kafka version: 2.5.1
2020-11-28 15:10:32.208  INFO 102960 --- [    Test worker] o.a.kafka.common.utils.AppInfoParser     : Kafka commitId: 0efa8fb0f4c73d92
2020-11-28 15:10:32.208  INFO 102960 --- [    Test worker] o.a.kafka.common.utils.AppInfoParser     : Kafka startTimeMs: 1606543832207
2020-11-28 15:10:32.208  INFO 102960 --- [    Test worker] o.a.k.clients.consumer.KafkaConsumer     : [Consumer clientId=consumer-eddy-6, groupId=eddy] Subscribed to topic(s): producer-consumer-coffee
2020-11-28 15:10:32.209  INFO 102960 --- [    Test worker] o.s.s.c.ThreadPoolTaskScheduler          : Initializing ExecutorService
2020-11-28 15:10:32.212  INFO 102960 --- [    Test worker] o.a.k.clients.consumer.ConsumerConfig    : ConsumerConfig values: 
	allow.auto.create.topics = true
	auto.commit.interval.ms = 5000
	auto.offset.reset = latest
	bootstrap.servers = [localhost:9091, localhost:9092, localhost:9093]
	check.crcs = true
	client.dns.lookup = default
	client.id = 
	client.rack = 
	connections.max.idle.ms = 540000
	default.api.timeout.ms = 60000
	enable.auto.commit = false
	exclude.internal.topics = true
	fetch.max.bytes = 52428800
	fetch.max.wait.ms = 500
	fetch.min.bytes = 1
	group.id = lisa
	group.instance.id = null
	heartbeat.interval.ms = 3000
	interceptor.classes = []
	internal.leave.group.on.close = true
	isolation.level = read_uncommitted
	key.deserializer = class org.apache.kafka.common.serialization.StringDeserializer
	max.partition.fetch.bytes = 1048576
	max.poll.interval.ms = 300000
	max.poll.records = 500
	metadata.max.age.ms = 300000
	metric.reporters = []
	metrics.num.samples = 2
	metrics.recording.level = INFO
	metrics.sample.window.ms = 30000
	partition.assignment.strategy = [class org.apache.kafka.clients.consumer.RangeAssignor]
	receive.buffer.bytes = 65536
	reconnect.backoff.max.ms = 1000
	reconnect.backoff.ms = 50
	request.timeout.ms = 30000
	retry.backoff.ms = 100
	sasl.client.callback.handler.class = null
	sasl.jaas.config = null
	sasl.kerberos.kinit.cmd = /usr/bin/kinit
	sasl.kerberos.min.time.before.relogin = 60000
	sasl.kerberos.service.name = null
	sasl.kerberos.ticket.renew.jitter = 0.05
	sasl.kerberos.ticket.renew.window.factor = 0.8
	sasl.login.callback.handler.class = null
	sasl.login.class = null
	sasl.login.refresh.buffer.seconds = 300
	sasl.login.refresh.min.period.seconds = 60
	sasl.login.refresh.window.factor = 0.8
	sasl.login.refresh.window.jitter = 0.05
	sasl.mechanism = GSSAPI
	security.protocol = PLAINTEXT
	security.providers = null
	send.buffer.bytes = 131072
	session.timeout.ms = 10000
	ssl.cipher.suites = null
	ssl.enabled.protocols = [TLSv1.2]
	ssl.endpoint.identification.algorithm = https
	ssl.key.password = null
	ssl.keymanager.algorithm = SunX509
	ssl.keystore.location = null
	ssl.keystore.password = null
	ssl.keystore.type = JKS
	ssl.protocol = TLSv1.2
	ssl.provider = null
	ssl.secure.random.implementation = null
	ssl.trustmanager.algorithm = PKIX
	ssl.truststore.location = null
	ssl.truststore.password = null
	ssl.truststore.type = JKS
	value.deserializer = class org.apache.kafka.common.serialization.StringDeserializer

2020-11-28 15:10:32.221  INFO 102960 --- [    Test worker] o.a.kafka.common.utils.AppInfoParser     : Kafka version: 2.5.1
2020-11-28 15:10:32.221  INFO 102960 --- [    Test worker] o.a.kafka.common.utils.AppInfoParser     : Kafka commitId: 0efa8fb0f4c73d92
2020-11-28 15:10:32.221  INFO 102960 --- [    Test worker] o.a.kafka.common.utils.AppInfoParser     : Kafka startTimeMs: 1606543832221
2020-11-28 15:10:32.223  INFO 102960 --- [    Test worker] o.a.k.clients.consumer.KafkaConsumer     : [Consumer clientId=consumer-lisa-7, groupId=lisa] Subscribed to topic(s): producer-consumer-members
2020-11-28 15:10:32.224  INFO 102960 --- [    Test worker] o.s.s.c.ThreadPoolTaskScheduler          : Initializing ExecutorService
2020-11-28 15:10:32.228  INFO 102960 --- [    Test worker] o.a.k.clients.consumer.ConsumerConfig    : ConsumerConfig values: 
	allow.auto.create.topics = true
	auto.commit.interval.ms = 5000
	auto.offset.reset = latest
	bootstrap.servers = [localhost:9091, localhost:9092, localhost:9093]
	check.crcs = true
	client.dns.lookup = default
	client.id = 
	client.rack = 
	connections.max.idle.ms = 540000
	default.api.timeout.ms = 60000
	enable.auto.commit = false
	exclude.internal.topics = true
	fetch.max.bytes = 52428800
	fetch.max.wait.ms = 500
	fetch.min.bytes = 1
	group.id = lisa
	group.instance.id = null
	heartbeat.interval.ms = 3000
	interceptor.classes = []
	internal.leave.group.on.close = true
	isolation.level = read_uncommitted
	key.deserializer = class org.apache.kafka.common.serialization.StringDeserializer
	max.partition.fetch.bytes = 1048576
	max.poll.interval.ms = 300000
	max.poll.records = 500
	metadata.max.age.ms = 300000
	metric.reporters = []
	metrics.num.samples = 2
	metrics.recording.level = INFO
	metrics.sample.window.ms = 30000
	partition.assignment.strategy = [class org.apache.kafka.clients.consumer.RangeAssignor]
	receive.buffer.bytes = 65536
	reconnect.backoff.max.ms = 1000
	reconnect.backoff.ms = 50
	request.timeout.ms = 30000
	retry.backoff.ms = 100
	sasl.client.callback.handler.class = null
	sasl.jaas.config = null
	sasl.kerberos.kinit.cmd = /usr/bin/kinit
	sasl.kerberos.min.time.before.relogin = 60000
	sasl.kerberos.service.name = null
	sasl.kerberos.ticket.renew.jitter = 0.05
	sasl.kerberos.ticket.renew.window.factor = 0.8
	sasl.login.callback.handler.class = null
	sasl.login.class = null
	sasl.login.refresh.buffer.seconds = 300
	sasl.login.refresh.min.period.seconds = 60
	sasl.login.refresh.window.factor = 0.8
	sasl.login.refresh.window.jitter = 0.05
	sasl.mechanism = GSSAPI
	security.protocol = PLAINTEXT
	security.providers = null
	send.buffer.bytes = 131072
	session.timeout.ms = 10000
	ssl.cipher.suites = null
	ssl.enabled.protocols = [TLSv1.2]
	ssl.endpoint.identification.algorithm = https
	ssl.key.password = null
	ssl.keymanager.algorithm = SunX509
	ssl.keystore.location = null
	ssl.keystore.password = null
	ssl.keystore.type = JKS
	ssl.protocol = TLSv1.2
	ssl.provider = null
	ssl.secure.random.implementation = null
	ssl.trustmanager.algorithm = PKIX
	ssl.truststore.location = null
	ssl.truststore.password = null
	ssl.truststore.type = JKS
	value.deserializer = class org.apache.kafka.common.serialization.StringDeserializer

2020-11-28 15:10:32.242  INFO 102960 --- [    Test worker] o.a.kafka.common.utils.AppInfoParser     : Kafka version: 2.5.1
2020-11-28 15:10:32.252  INFO 102960 --- [    Test worker] o.a.kafka.common.utils.AppInfoParser     : Kafka commitId: 0efa8fb0f4c73d92
2020-11-28 15:10:32.254  INFO 102960 --- [    Test worker] o.a.kafka.common.utils.AppInfoParser     : Kafka startTimeMs: 1606543832242
2020-11-28 15:10:32.255  INFO 102960 --- [    Test worker] o.a.k.clients.consumer.KafkaConsumer     : [Consumer clientId=consumer-lisa-8, groupId=lisa] Subscribed to topic(s): producer-consumer-members
2020-11-28 15:10:32.255  INFO 102960 --- [    Test worker] o.s.s.c.ThreadPoolTaskScheduler          : Initializing ExecutorService
2020-11-28 15:10:32.263  INFO 102960 --- [    Test worker] o.a.k.clients.consumer.ConsumerConfig    : ConsumerConfig values: 
	allow.auto.create.topics = true
	auto.commit.interval.ms = 5000
	auto.offset.reset = latest
	bootstrap.servers = [localhost:9091, localhost:9092, localhost:9093]
	check.crcs = true
	client.dns.lookup = default
	client.id = 
	client.rack = 
	connections.max.idle.ms = 540000
	default.api.timeout.ms = 60000
	enable.auto.commit = false
	exclude.internal.topics = true
	fetch.max.bytes = 52428800
	fetch.max.wait.ms = 500
	fetch.min.bytes = 1
	group.id = lisa
	group.instance.id = null
	heartbeat.interval.ms = 3000
	interceptor.classes = []
	internal.leave.group.on.close = true
	isolation.level = read_uncommitted
	key.deserializer = class org.apache.kafka.common.serialization.StringDeserializer
	max.partition.fetch.bytes = 1048576
	max.poll.interval.ms = 300000
	max.poll.records = 500
	metadata.max.age.ms = 300000
	metric.reporters = []
	metrics.num.samples = 2
	metrics.recording.level = INFO
	metrics.sample.window.ms = 30000
	partition.assignment.strategy = [class org.apache.kafka.clients.consumer.RangeAssignor]
	receive.buffer.bytes = 65536
	reconnect.backoff.max.ms = 1000
	reconnect.backoff.ms = 50
	request.timeout.ms = 30000
	retry.backoff.ms = 100
	sasl.client.callback.handler.class = null
	sasl.jaas.config = null
	sasl.kerberos.kinit.cmd = /usr/bin/kinit
	sasl.kerberos.min.time.before.relogin = 60000
	sasl.kerberos.service.name = null
	sasl.kerberos.ticket.renew.jitter = 0.05
	sasl.kerberos.ticket.renew.window.factor = 0.8
	sasl.login.callback.handler.class = null
	sasl.login.class = null
	sasl.login.refresh.buffer.seconds = 300
	sasl.login.refresh.min.period.seconds = 60
	sasl.login.refresh.window.factor = 0.8
	sasl.login.refresh.window.jitter = 0.05
	sasl.mechanism = GSSAPI
	security.protocol = PLAINTEXT
	security.providers = null
	send.buffer.bytes = 131072
	session.timeout.ms = 10000
	ssl.cipher.suites = null
	ssl.enabled.protocols = [TLSv1.2]
	ssl.endpoint.identification.algorithm = https
	ssl.key.password = null
	ssl.keymanager.algorithm = SunX509
	ssl.keystore.location = null
	ssl.keystore.password = null
	ssl.keystore.type = JKS
	ssl.protocol = TLSv1.2
	ssl.provider = null
	ssl.secure.random.implementation = null
	ssl.trustmanager.algorithm = PKIX
	ssl.truststore.location = null
	ssl.truststore.password = null
	ssl.truststore.type = JKS
	value.deserializer = class org.apache.kafka.common.serialization.StringDeserializer

2020-11-28 15:10:32.273  INFO 102960 --- [    Test worker] o.a.kafka.common.utils.AppInfoParser     : Kafka version: 2.5.1
2020-11-28 15:10:32.274  INFO 102960 --- [    Test worker] o.a.kafka.common.utils.AppInfoParser     : Kafka commitId: 0efa8fb0f4c73d92
2020-11-28 15:10:32.274  INFO 102960 --- [    Test worker] o.a.kafka.common.utils.AppInfoParser     : Kafka startTimeMs: 1606543832273
2020-11-28 15:10:32.274  INFO 102960 --- [    Test worker] o.a.k.clients.consumer.KafkaConsumer     : [Consumer clientId=consumer-lisa-9, groupId=lisa] Subscribed to topic(s): producer-consumer-members
2020-11-28 15:10:32.275  INFO 102960 --- [    Test worker] o.s.s.c.ThreadPoolTaskScheduler          : Initializing ExecutorService
2020-11-28 15:10:32.313  INFO 102960 --- [    Test worker] o.a.k.clients.consumer.ConsumerConfig    : ConsumerConfig values: 
	allow.auto.create.topics = true
	auto.commit.interval.ms = 5000
	auto.offset.reset = latest
	bootstrap.servers = [localhost:9091, localhost:9092, localhost:9093]
	check.crcs = true
	client.dns.lookup = default
	client.id = 
	client.rack = 
	connections.max.idle.ms = 540000
	default.api.timeout.ms = 60000
	enable.auto.commit = false
	exclude.internal.topics = true
	fetch.max.bytes = 52428800
	fetch.max.wait.ms = 500
	fetch.min.bytes = 1
	group.id = lisa
	group.instance.id = null
	heartbeat.interval.ms = 3000
	interceptor.classes = []
	internal.leave.group.on.close = true
	isolation.level = read_uncommitted
	key.deserializer = class org.apache.kafka.common.serialization.StringDeserializer
	max.partition.fetch.bytes = 1048576
	max.poll.interval.ms = 300000
	max.poll.records = 500
	metadata.max.age.ms = 300000
	metric.reporters = []
	metrics.num.samples = 2
	metrics.recording.level = INFO
	metrics.sample.window.ms = 30000
	partition.assignment.strategy = [class org.apache.kafka.clients.consumer.RangeAssignor]
	receive.buffer.bytes = 65536
	reconnect.backoff.max.ms = 1000
	reconnect.backoff.ms = 50
	request.timeout.ms = 30000
	retry.backoff.ms = 100
	sasl.client.callback.handler.class = null
	sasl.jaas.config = null
	sasl.kerberos.kinit.cmd = /usr/bin/kinit
	sasl.kerberos.min.time.before.relogin = 60000
	sasl.kerberos.service.name = null
	sasl.kerberos.ticket.renew.jitter = 0.05
	sasl.kerberos.ticket.renew.window.factor = 0.8
	sasl.login.callback.handler.class = null
	sasl.login.class = null
	sasl.login.refresh.buffer.seconds = 300
	sasl.login.refresh.min.period.seconds = 60
	sasl.login.refresh.window.factor = 0.8
	sasl.login.refresh.window.jitter = 0.05
	sasl.mechanism = GSSAPI
	security.protocol = PLAINTEXT
	security.providers = null
	send.buffer.bytes = 131072
	session.timeout.ms = 10000
	ssl.cipher.suites = null
	ssl.enabled.protocols = [TLSv1.2]
	ssl.endpoint.identification.algorithm = https
	ssl.key.password = null
	ssl.keymanager.algorithm = SunX509
	ssl.keystore.location = null
	ssl.keystore.password = null
	ssl.keystore.type = JKS
	ssl.protocol = TLSv1.2
	ssl.provider = null
	ssl.secure.random.implementation = null
	ssl.trustmanager.algorithm = PKIX
	ssl.truststore.location = null
	ssl.truststore.password = null
	ssl.truststore.type = JKS
	value.deserializer = class org.apache.kafka.common.serialization.StringDeserializer

2020-11-28 15:10:32.322  INFO 102960 --- [    Test worker] o.a.kafka.common.utils.AppInfoParser     : Kafka version: 2.5.1
2020-11-28 15:10:32.322  INFO 102960 --- [    Test worker] o.a.kafka.common.utils.AppInfoParser     : Kafka commitId: 0efa8fb0f4c73d92
2020-11-28 15:10:32.323  INFO 102960 --- [    Test worker] o.a.kafka.common.utils.AppInfoParser     : Kafka startTimeMs: 1606543832322
2020-11-28 15:10:32.323  INFO 102960 --- [    Test worker] o.a.k.clients.consumer.KafkaConsumer     : [Consumer clientId=consumer-lisa-10, groupId=lisa] Subscribed to topic(s): producer-consumer-members
2020-11-28 15:10:32.323  INFO 102960 --- [    Test worker] o.s.s.c.ThreadPoolTaskScheduler          : Initializing ExecutorService
2020-11-28 15:10:32.348  INFO 102960 --- [    Test worker] o.a.k.clients.consumer.ConsumerConfig    : ConsumerConfig values: 
	allow.auto.create.topics = true
	auto.commit.interval.ms = 5000
	auto.offset.reset = latest
	bootstrap.servers = [localhost:9091, localhost:9092, localhost:9093]
	check.crcs = true
	client.dns.lookup = default
	client.id = 
	client.rack = 
	connections.max.idle.ms = 540000
	default.api.timeout.ms = 60000
	enable.auto.commit = false
	exclude.internal.topics = true
	fetch.max.bytes = 52428800
	fetch.max.wait.ms = 500
	fetch.min.bytes = 1
	group.id = lisa
	group.instance.id = null
	heartbeat.interval.ms = 3000
	interceptor.classes = []
	internal.leave.group.on.close = true
	isolation.level = read_uncommitted
	key.deserializer = class org.apache.kafka.common.serialization.StringDeserializer
	max.partition.fetch.bytes = 1048576
	max.poll.interval.ms = 300000
	max.poll.records = 500
	metadata.max.age.ms = 300000
	metric.reporters = []
	metrics.num.samples = 2
	metrics.recording.level = INFO
	metrics.sample.window.ms = 30000
	partition.assignment.strategy = [class org.apache.kafka.clients.consumer.RangeAssignor]
	receive.buffer.bytes = 65536
	reconnect.backoff.max.ms = 1000
	reconnect.backoff.ms = 50
	request.timeout.ms = 30000
	retry.backoff.ms = 100
	sasl.client.callback.handler.class = null
	sasl.jaas.config = null
	sasl.kerberos.kinit.cmd = /usr/bin/kinit
	sasl.kerberos.min.time.before.relogin = 60000
	sasl.kerberos.service.name = null
	sasl.kerberos.ticket.renew.jitter = 0.05
	sasl.kerberos.ticket.renew.window.factor = 0.8
	sasl.login.callback.handler.class = null
	sasl.login.class = null
	sasl.login.refresh.buffer.seconds = 300
	sasl.login.refresh.min.period.seconds = 60
	sasl.login.refresh.window.factor = 0.8
	sasl.login.refresh.window.jitter = 0.05
	sasl.mechanism = GSSAPI
	security.protocol = PLAINTEXT
	security.providers = null
	send.buffer.bytes = 131072
	session.timeout.ms = 10000
	ssl.cipher.suites = null
	ssl.enabled.protocols = [TLSv1.2]
	ssl.endpoint.identification.algorithm = https
	ssl.key.password = null
	ssl.keymanager.algorithm = SunX509
	ssl.keystore.location = null
	ssl.keystore.password = null
	ssl.keystore.type = JKS
	ssl.protocol = TLSv1.2
	ssl.provider = null
	ssl.secure.random.implementation = null
	ssl.trustmanager.algorithm = PKIX
	ssl.truststore.location = null
	ssl.truststore.password = null
	ssl.truststore.type = JKS
	value.deserializer = class org.apache.kafka.common.serialization.StringDeserializer

2020-11-28 15:10:32.357  INFO 102960 --- [    Test worker] o.a.kafka.common.utils.AppInfoParser     : Kafka version: 2.5.1
2020-11-28 15:10:32.358  INFO 102960 --- [    Test worker] o.a.kafka.common.utils.AppInfoParser     : Kafka commitId: 0efa8fb0f4c73d92
2020-11-28 15:10:32.358  INFO 102960 --- [    Test worker] o.a.kafka.common.utils.AppInfoParser     : Kafka startTimeMs: 1606543832357
2020-11-28 15:10:32.358  INFO 102960 --- [    Test worker] o.a.k.clients.consumer.KafkaConsumer     : [Consumer clientId=consumer-lisa-11, groupId=lisa] Subscribed to topic(s): producer-consumer-members
2020-11-28 15:10:32.358  INFO 102960 --- [    Test worker] o.s.s.c.ThreadPoolTaskScheduler          : Initializing ExecutorService
2020-11-28 15:10:32.391  INFO 102960 --- [    Test worker] y.t.service.CoffeeConsumerServiceTest    : Started CoffeeConsumerServiceTest in 3.451 seconds (JVM running for 6.864)
2020-11-28 15:10:32.858  INFO 102960 --- [ntainer#2-2-C-1] org.apache.kafka.clients.Metadata        : [Consumer clientId=consumer-lisa-3, groupId=lisa] Cluster ID: WWQbP8SdSQeJVGP6ccQ7nw
2020-11-28 15:10:32.858  INFO 102960 --- [ntainer#2-1-C-1] org.apache.kafka.clients.Metadata        : [Consumer clientId=consumer-lisa-2, groupId=lisa] Cluster ID: WWQbP8SdSQeJVGP6ccQ7nw
2020-11-28 15:10:32.860  INFO 102960 --- [ntainer#2-2-C-1] o.a.k.c.c.internals.AbstractCoordinator  : [Consumer clientId=consumer-lisa-3, groupId=lisa] Discovered group coordinator 127.0.0.1:9093 (id: 2147483644 rack: null)
2020-11-28 15:10:32.855  INFO 102960 --- [ntainer#1-4-C-1] org.apache.kafka.clients.Metadata        : [Consumer clientId=consumer-lisa-11, groupId=lisa] Cluster ID: WWQbP8SdSQeJVGP6ccQ7nw
2020-11-28 15:10:32.850  INFO 102960 --- [ntainer#1-1-C-1] org.apache.kafka.clients.Metadata        : [Consumer clientId=consumer-lisa-8, groupId=lisa] Cluster ID: WWQbP8SdSQeJVGP6ccQ7nw
2020-11-28 15:10:32.854  INFO 102960 --- [ntainer#2-4-C-1] org.apache.kafka.clients.Metadata        : [Consumer clientId=consumer-lisa-5, groupId=lisa] Cluster ID: WWQbP8SdSQeJVGP6ccQ7nw
2020-11-28 15:10:32.864  INFO 102960 --- [ntainer#1-2-C-1] org.apache.kafka.clients.Metadata        : [Consumer clientId=consumer-lisa-9, groupId=lisa] Cluster ID: WWQbP8SdSQeJVGP6ccQ7nw
2020-11-28 15:10:32.864  INFO 102960 --- [ntainer#2-3-C-1] org.apache.kafka.clients.Metadata        : [Consumer clientId=consumer-lisa-4, groupId=lisa] Cluster ID: WWQbP8SdSQeJVGP6ccQ7nw
2020-11-28 15:10:32.864  INFO 102960 --- [ntainer#2-4-C-1] o.a.k.c.c.internals.AbstractCoordinator  : [Consumer clientId=consumer-lisa-5, groupId=lisa] Discovered group coordinator 127.0.0.1:9093 (id: 2147483644 rack: null)
2020-11-28 15:10:32.865  INFO 102960 --- [ntainer#1-2-C-1] o.a.k.c.c.internals.AbstractCoordinator  : [Consumer clientId=consumer-lisa-9, groupId=lisa] Discovered group coordinator 127.0.0.1:9093 (id: 2147483644 rack: null)
2020-11-28 15:10:32.865  INFO 102960 --- [ntainer#2-3-C-1] o.a.k.c.c.internals.AbstractCoordinator  : [Consumer clientId=consumer-lisa-4, groupId=lisa] Discovered group coordinator 127.0.0.1:9093 (id: 2147483644 rack: null)
2020-11-28 15:10:32.864  INFO 102960 --- [ntainer#1-4-C-1] o.a.k.c.c.internals.AbstractCoordinator  : [Consumer clientId=consumer-lisa-11, groupId=lisa] Discovered group coordinator 127.0.0.1:9093 (id: 2147483644 rack: null)
2020-11-28 15:10:32.858  INFO 102960 --- [ntainer#2-0-C-1] org.apache.kafka.clients.Metadata        : [Consumer clientId=consumer-lisa-1, groupId=lisa] Cluster ID: WWQbP8SdSQeJVGP6ccQ7nw
2020-11-28 15:10:32.863  INFO 102960 --- [ntainer#2-1-C-1] o.a.k.c.c.internals.AbstractCoordinator  : [Consumer clientId=consumer-lisa-2, groupId=lisa] Discovered group coordinator 127.0.0.1:9093 (id: 2147483644 rack: null)
2020-11-28 15:10:32.868  INFO 102960 --- [ntainer#2-0-C-1] o.a.k.c.c.internals.AbstractCoordinator  : [Consumer clientId=consumer-lisa-1, groupId=lisa] Discovered group coordinator 127.0.0.1:9093 (id: 2147483644 rack: null)
2020-11-28 15:10:32.864  INFO 102960 --- [ntainer#1-1-C-1] o.a.k.c.c.internals.AbstractCoordinator  : [Consumer clientId=consumer-lisa-8, groupId=lisa] Discovered group coordinator 127.0.0.1:9093 (id: 2147483644 rack: null)
2020-11-28 15:10:32.870  INFO 102960 --- [ntainer#1-4-C-1] o.a.k.c.c.internals.AbstractCoordinator  : [Consumer clientId=consumer-lisa-11, groupId=lisa] (Re-)joining group
2020-11-28 15:10:32.870  INFO 102960 --- [ntainer#2-1-C-1] o.a.k.c.c.internals.AbstractCoordinator  : [Consumer clientId=consumer-lisa-2, groupId=lisa] (Re-)joining group
2020-11-28 15:10:32.872  INFO 102960 --- [ntainer#2-4-C-1] o.a.k.c.c.internals.AbstractCoordinator  : [Consumer clientId=consumer-lisa-5, groupId=lisa] (Re-)joining group
2020-11-28 15:10:32.873  INFO 102960 --- [ntainer#1-2-C-1] o.a.k.c.c.internals.AbstractCoordinator  : [Consumer clientId=consumer-lisa-9, groupId=lisa] (Re-)joining group
2020-11-28 15:10:32.856  INFO 102960 --- [ntainer#1-3-C-1] org.apache.kafka.clients.Metadata        : [Consumer clientId=consumer-lisa-10, groupId=lisa] Cluster ID: WWQbP8SdSQeJVGP6ccQ7nw
2020-11-28 15:10:32.874  INFO 102960 --- [ntainer#1-3-C-1] o.a.k.c.c.internals.AbstractCoordinator  : [Consumer clientId=consumer-lisa-10, groupId=lisa] Discovered group coordinator 127.0.0.1:9093 (id: 2147483644 rack: null)
2020-11-28 15:10:32.868  INFO 102960 --- [ntainer#0-0-C-1] org.apache.kafka.clients.Metadata        : [Consumer clientId=consumer-eddy-6, groupId=eddy] Cluster ID: WWQbP8SdSQeJVGP6ccQ7nw
2020-11-28 15:10:32.875  INFO 102960 --- [ntainer#1-1-C-1] o.a.k.c.c.internals.AbstractCoordinator  : [Consumer clientId=consumer-lisa-8, groupId=lisa] (Re-)joining group
2020-11-28 15:10:32.876  INFO 102960 --- [ntainer#2-0-C-1] o.a.k.c.c.internals.AbstractCoordinator  : [Consumer clientId=consumer-lisa-1, groupId=lisa] (Re-)joining group
2020-11-28 15:10:32.876  INFO 102960 --- [ntainer#2-2-C-1] o.a.k.c.c.internals.AbstractCoordinator  : [Consumer clientId=consumer-lisa-3, groupId=lisa] (Re-)joining group
2020-11-28 15:10:32.877  INFO 102960 --- [ntainer#1-3-C-1] o.a.k.c.c.internals.AbstractCoordinator  : [Consumer clientId=consumer-lisa-10, groupId=lisa] (Re-)joining group
2020-11-28 15:10:32.877  INFO 102960 --- [ntainer#0-0-C-1] o.a.k.c.c.internals.AbstractCoordinator  : [Consumer clientId=consumer-eddy-6, groupId=eddy] Discovered group coordinator 127.0.0.1:9093 (id: 2147483644 rack: null)
2020-11-28 15:10:32.878  INFO 102960 --- [ntainer#2-3-C-1] o.a.k.c.c.internals.AbstractCoordinator  : [Consumer clientId=consumer-lisa-4, groupId=lisa] (Re-)joining group
2020-11-28 15:10:32.879  INFO 102960 --- [ntainer#0-0-C-1] o.a.k.c.c.internals.AbstractCoordinator  : [Consumer clientId=consumer-eddy-6, groupId=eddy] (Re-)joining group
2020-11-28 15:10:32.916  INFO 102960 --- [ntainer#1-0-C-1] org.apache.kafka.clients.Metadata        : [Consumer clientId=consumer-lisa-7, groupId=lisa] Cluster ID: WWQbP8SdSQeJVGP6ccQ7nw
2020-11-28 15:10:32.918  INFO 102960 --- [ntainer#1-0-C-1] o.a.k.c.c.internals.AbstractCoordinator  : [Consumer clientId=consumer-lisa-7, groupId=lisa] Discovered group coordinator 127.0.0.1:9093 (id: 2147483644 rack: null)
2020-11-28 15:10:32.920  INFO 102960 --- [ntainer#1-0-C-1] o.a.k.c.c.internals.AbstractCoordinator  : [Consumer clientId=consumer-lisa-7, groupId=lisa] (Re-)joining group
2020-11-28 15:10:32.970  INFO 102960 --- [ntainer#0-0-C-1] o.a.k.c.c.internals.AbstractCoordinator  : [Consumer clientId=consumer-eddy-6, groupId=eddy] Join group failed with org.apache.kafka.common.errors.MemberIdRequiredException: The group member needs to have a valid member id before actually entering a consumer group
2020-11-28 15:10:32.970  INFO 102960 --- [ntainer#1-2-C-1] o.a.k.c.c.internals.AbstractCoordinator  : [Consumer clientId=consumer-lisa-9, groupId=lisa] Join group failed with org.apache.kafka.common.errors.MemberIdRequiredException: The group member needs to have a valid member id before actually entering a consumer group
2020-11-28 15:10:32.970  INFO 102960 --- [ntainer#0-0-C-1] o.a.k.c.c.internals.AbstractCoordinator  : [Consumer clientId=consumer-eddy-6, groupId=eddy] (Re-)joining group
2020-11-28 15:10:32.970  INFO 102960 --- [ntainer#1-2-C-1] o.a.k.c.c.internals.AbstractCoordinator  : [Consumer clientId=consumer-lisa-9, groupId=lisa] (Re-)joining group
2020-11-28 15:10:32.972  INFO 102960 --- [ntainer#2-0-C-1] o.a.k.c.c.internals.AbstractCoordinator  : [Consumer clientId=consumer-lisa-1, groupId=lisa] Join group failed with org.apache.kafka.common.errors.MemberIdRequiredException: The group member needs to have a valid member id before actually entering a consumer group
2020-11-28 15:10:32.972  INFO 102960 --- [ntainer#2-0-C-1] o.a.k.c.c.internals.AbstractCoordinator  : [Consumer clientId=consumer-lisa-1, groupId=lisa] (Re-)joining group
2020-11-28 15:10:32.973  INFO 102960 --- [ntainer#2-4-C-1] o.a.k.c.c.internals.AbstractCoordinator  : [Consumer clientId=consumer-lisa-5, groupId=lisa] Join group failed with org.apache.kafka.common.errors.MemberIdRequiredException: The group member needs to have a valid member id before actually entering a consumer group
2020-11-28 15:10:32.974  INFO 102960 --- [ntainer#2-4-C-1] o.a.k.c.c.internals.AbstractCoordinator  : [Consumer clientId=consumer-lisa-5, groupId=lisa] (Re-)joining group
2020-11-28 15:10:32.975  INFO 102960 --- [ntainer#1-4-C-1] o.a.k.c.c.internals.AbstractCoordinator  : [Consumer clientId=consumer-lisa-11, groupId=lisa] Join group failed with org.apache.kafka.common.errors.MemberIdRequiredException: The group member needs to have a valid member id before actually entering a consumer group
2020-11-28 15:10:32.975  INFO 102960 --- [ntainer#1-4-C-1] o.a.k.c.c.internals.AbstractCoordinator  : [Consumer clientId=consumer-lisa-11, groupId=lisa] (Re-)joining group
2020-11-28 15:10:32.979  INFO 102960 --- [ntainer#1-0-C-1] o.a.k.c.c.internals.AbstractCoordinator  : [Consumer clientId=consumer-lisa-7, groupId=lisa] Join group failed with org.apache.kafka.common.errors.MemberIdRequiredException: The group member needs to have a valid member id before actually entering a consumer group
2020-11-28 15:10:32.980  INFO 102960 --- [ntainer#1-0-C-1] o.a.k.c.c.internals.AbstractCoordinator  : [Consumer clientId=consumer-lisa-7, groupId=lisa] (Re-)joining group
2020-11-28 15:10:32.982  INFO 102960 --- [ntainer#2-3-C-1] o.a.k.c.c.internals.AbstractCoordinator  : [Consumer clientId=consumer-lisa-4, groupId=lisa] Join group failed with org.apache.kafka.common.errors.MemberIdRequiredException: The group member needs to have a valid member id before actually entering a consumer group
2020-11-28 15:10:32.982  INFO 102960 --- [ntainer#2-3-C-1] o.a.k.c.c.internals.AbstractCoordinator  : [Consumer clientId=consumer-lisa-4, groupId=lisa] (Re-)joining group
2020-11-28 15:10:32.986  INFO 102960 --- [ntainer#1-1-C-1] o.a.k.c.c.internals.AbstractCoordinator  : [Consumer clientId=consumer-lisa-8, groupId=lisa] Join group failed with org.apache.kafka.common.errors.MemberIdRequiredException: The group member needs to have a valid member id before actually entering a consumer group
2020-11-28 15:10:32.988  INFO 102960 --- [ntainer#1-1-C-1] o.a.k.c.c.internals.AbstractCoordinator  : [Consumer clientId=consumer-lisa-8, groupId=lisa] (Re-)joining group
2020-11-28 15:10:32.992  INFO 102960 --- [ntainer#1-3-C-1] o.a.k.c.c.internals.AbstractCoordinator  : [Consumer clientId=consumer-lisa-10, groupId=lisa] Join group failed with org.apache.kafka.common.errors.MemberIdRequiredException: The group member needs to have a valid member id before actually entering a consumer group
2020-11-28 15:10:32.992  INFO 102960 --- [ntainer#1-3-C-1] o.a.k.c.c.internals.AbstractCoordinator  : [Consumer clientId=consumer-lisa-10, groupId=lisa] (Re-)joining group
2020-11-28 15:10:32.981  INFO 102960 --- [ntainer#2-1-C-1] o.a.k.c.c.internals.AbstractCoordinator  : [Consumer clientId=consumer-lisa-2, groupId=lisa] Join group failed with org.apache.kafka.common.errors.MemberIdRequiredException: The group member needs to have a valid member id before actually entering a consumer group
2020-11-28 15:10:32.994  INFO 102960 --- [ntainer#2-1-C-1] o.a.k.c.c.internals.AbstractCoordinator  : [Consumer clientId=consumer-lisa-2, groupId=lisa] (Re-)joining group
2020-11-28 15:10:33.036  INFO 102960 --- [ntainer#2-2-C-1] o.a.k.c.c.internals.AbstractCoordinator  : [Consumer clientId=consumer-lisa-3, groupId=lisa] Join group failed with org.apache.kafka.common.errors.MemberIdRequiredException: The group member needs to have a valid member id before actually entering a consumer group
2020-11-28 15:10:33.037  INFO 102960 --- [ntainer#2-2-C-1] o.a.k.c.c.internals.AbstractCoordinator  : [Consumer clientId=consumer-lisa-3, groupId=lisa] (Re-)joining group
]]></system-out>
  <system-err><![CDATA[]]></system-err>
</testsuite>
