<?xml version="1.0" encoding="UTF-8"?>
<testsuite name="yongs.temp.service.CoffeeProducerServiceTest" tests="1" skipped="0" failures="0" errors="0" timestamp="2020-11-28T12:17:35" hostname="DESKTOP-GATTK1M" time="2.474">
  <properties/>
  <testcase name="Kafka_Coffee_메시지전송()" classname="yongs.temp.service.CoffeeProducerServiceTest" time="2.474"/>
  <system-out><![CDATA[21:17:32.258 [Test worker] DEBUG org.springframework.test.context.BootstrapUtils - Instantiating CacheAwareContextLoaderDelegate from class [org.springframework.test.context.cache.DefaultCacheAwareContextLoaderDelegate]
21:17:32.280 [Test worker] DEBUG org.springframework.test.context.BootstrapUtils - Instantiating BootstrapContext using constructor [public org.springframework.test.context.support.DefaultBootstrapContext(java.lang.Class,org.springframework.test.context.CacheAwareContextLoaderDelegate)]
21:17:32.324 [Test worker] DEBUG org.springframework.test.context.BootstrapUtils - Instantiating TestContextBootstrapper for test class [yongs.temp.service.CoffeeProducerServiceTest] from class [org.springframework.boot.test.context.SpringBootTestContextBootstrapper]
21:17:32.348 [Test worker] INFO org.springframework.boot.test.context.SpringBootTestContextBootstrapper - Neither @ContextConfiguration nor @ContextHierarchy found for test class [yongs.temp.service.CoffeeProducerServiceTest], using SpringBootContextLoader
21:17:32.355 [Test worker] DEBUG org.springframework.test.context.support.AbstractContextLoader - Did not detect default resource location for test class [yongs.temp.service.CoffeeProducerServiceTest]: class path resource [yongs/temp/service/CoffeeProducerServiceTest-context.xml] does not exist
21:17:32.357 [Test worker] DEBUG org.springframework.test.context.support.AbstractContextLoader - Did not detect default resource location for test class [yongs.temp.service.CoffeeProducerServiceTest]: class path resource [yongs/temp/service/CoffeeProducerServiceTestContext.groovy] does not exist
21:17:32.357 [Test worker] INFO org.springframework.test.context.support.AbstractContextLoader - Could not detect default resource locations for test class [yongs.temp.service.CoffeeProducerServiceTest]: no resource found for suffixes {-context.xml, Context.groovy}.
21:17:32.359 [Test worker] INFO org.springframework.test.context.support.AnnotationConfigContextLoaderUtils - Could not detect default configuration classes for test class [yongs.temp.service.CoffeeProducerServiceTest]: CoffeeProducerServiceTest does not declare any static, non-private, non-final, nested classes annotated with @Configuration.
21:17:32.431 [Test worker] DEBUG org.springframework.test.context.support.ActiveProfilesUtils - Could not find an 'annotation declaring class' for annotation type [org.springframework.test.context.ActiveProfiles] and class [yongs.temp.service.CoffeeProducerServiceTest]
21:17:32.534 [Test worker] DEBUG org.springframework.context.annotation.ClassPathScanningCandidateComponentProvider - Identified candidate component class: file [D:\workspace\project\sample-kafka\producer\build\classes\java\main\yongs\temp\ProducerApplication.class]
21:17:32.535 [Test worker] INFO org.springframework.boot.test.context.SpringBootTestContextBootstrapper - Found @SpringBootConfiguration yongs.temp.ProducerApplication for test class yongs.temp.service.CoffeeProducerServiceTest
21:17:32.683 [Test worker] DEBUG org.springframework.boot.test.context.SpringBootTestContextBootstrapper - @TestExecutionListeners is not present for class [yongs.temp.service.CoffeeProducerServiceTest]: using defaults.
21:17:32.684 [Test worker] INFO org.springframework.boot.test.context.SpringBootTestContextBootstrapper - Loaded default TestExecutionListener class names from location [META-INF/spring.factories]: [org.springframework.boot.test.autoconfigure.restdocs.RestDocsTestExecutionListener, org.springframework.boot.test.autoconfigure.web.client.MockRestServiceServerResetTestExecutionListener, org.springframework.boot.test.autoconfigure.web.servlet.MockMvcPrintOnlyOnFailureTestExecutionListener, org.springframework.boot.test.autoconfigure.web.servlet.WebDriverTestExecutionListener, org.springframework.boot.test.autoconfigure.webservices.client.MockWebServiceServerTestExecutionListener, org.springframework.boot.test.mock.mockito.MockitoTestExecutionListener, org.springframework.boot.test.mock.mockito.ResetMocksTestExecutionListener, org.springframework.test.context.web.ServletTestExecutionListener, org.springframework.test.context.support.DirtiesContextBeforeModesTestExecutionListener, org.springframework.test.context.support.DependencyInjectionTestExecutionListener, org.springframework.test.context.support.DirtiesContextTestExecutionListener, org.springframework.test.context.transaction.TransactionalTestExecutionListener, org.springframework.test.context.jdbc.SqlScriptsTestExecutionListener, org.springframework.test.context.event.EventPublishingTestExecutionListener]
21:17:32.705 [Test worker] INFO org.springframework.boot.test.context.SpringBootTestContextBootstrapper - Using TestExecutionListeners: [org.springframework.test.context.web.ServletTestExecutionListener@3d8ab2cc, org.springframework.test.context.support.DirtiesContextBeforeModesTestExecutionListener@7b7568e8, org.springframework.boot.test.mock.mockito.MockitoTestExecutionListener@1a377cc5, org.springframework.boot.test.autoconfigure.SpringBootDependencyInjectionTestExecutionListener@27c320dc, org.springframework.test.context.support.DirtiesContextTestExecutionListener@4f37fa3a, org.springframework.test.context.transaction.TransactionalTestExecutionListener@1fd5e91c, org.springframework.test.context.jdbc.SqlScriptsTestExecutionListener@3e257f77, org.springframework.test.context.event.EventPublishingTestExecutionListener@5e6daf, org.springframework.boot.test.autoconfigure.restdocs.RestDocsTestExecutionListener@7048a1b4, org.springframework.boot.test.autoconfigure.web.client.MockRestServiceServerResetTestExecutionListener@40e52ba8, org.springframework.boot.test.autoconfigure.web.servlet.MockMvcPrintOnlyOnFailureTestExecutionListener@55ae2a04, org.springframework.boot.test.autoconfigure.web.servlet.WebDriverTestExecutionListener@266e060b, org.springframework.boot.test.autoconfigure.webservices.client.MockWebServiceServerTestExecutionListener@139e5673, org.springframework.boot.test.mock.mockito.ResetMocksTestExecutionListener@7acf87c3]
21:17:32.709 [Test worker] DEBUG org.springframework.test.context.support.AbstractDirtiesContextTestExecutionListener - Before test class: context [DefaultTestContext@285d5818 testClass = CoffeeProducerServiceTest, testInstance = [null], testMethod = [null], testException = [null], mergedContextConfiguration = [WebMergedContextConfiguration@1478ee60 testClass = CoffeeProducerServiceTest, locations = '{}', classes = '{class yongs.temp.ProducerApplication}', contextInitializerClasses = '[]', activeProfiles = '{}', propertySourceLocations = '{}', propertySourceProperties = '{org.springframework.boot.test.context.SpringBootTestContextBootstrapper=true}', contextCustomizers = set[org.springframework.boot.test.autoconfigure.properties.PropertyMappingContextCustomizer@0, org.springframework.boot.test.autoconfigure.web.servlet.WebDriverContextCustomizerFactory$Customizer@3af3976d, org.springframework.boot.test.context.filter.ExcludeFilterContextCustomizer@18b9d6ae, org.springframework.boot.test.json.DuplicateJsonObjectContextCustomizerFactory$DuplicateJsonObjectContextCustomizer@4032e004, org.springframework.boot.test.mock.mockito.MockitoContextCustomizer@0, org.springframework.boot.test.web.client.TestRestTemplateContextCustomizer@2a7bfdcd, org.springframework.boot.test.context.SpringBootTestArgs@1, org.springframework.boot.test.context.SpringBootTestWebEnvironment@1671d355], resourceBasePath = 'src/main/webapp', contextLoader = 'org.springframework.boot.test.context.SpringBootContextLoader', parent = [null]], attributes = map['org.springframework.test.context.web.ServletTestExecutionListener.activateListener' -> true]], class annotated with @DirtiesContext [false] with mode [null].
21:17:32.746 [Test worker] DEBUG org.springframework.test.context.support.TestPropertySourceUtils - Adding inlined properties to environment: {spring.jmx.enabled=false, org.springframework.boot.test.context.SpringBootTestContextBootstrapper=true}

  .   ____          _            __ _ _
 /\\ / ___'_ __ _ _(_)_ __  __ _ \ \ \ \
( ( )\___ | '_ | '_| | '_ \/ _` | \ \ \ \
 \\/  ___)| |_)| | | | | || (_| |  ) ) ) )
  '  |____| .__|_| |_|_| |_\__, | / / / /
 =========|_|==============|___/=/_/_/_/
 :: Spring Boot ::        (v2.3.6.RELEASE)

2020-11-28 21:17:33.194  INFO 105884 --- [    Test worker] y.t.service.CoffeeProducerServiceTest    : Starting CoffeeProducerServiceTest on DESKTOP-GATTK1M with PID 105884 (started by yongs in D:\workspace\project\sample-kafka\producer)
2020-11-28 21:17:33.195 DEBUG 105884 --- [    Test worker] y.t.service.CoffeeProducerServiceTest    : Running with Spring Boot v2.3.6.RELEASE, Spring v5.2.11.RELEASE
2020-11-28 21:17:33.196  INFO 105884 --- [    Test worker] y.t.service.CoffeeProducerServiceTest    : No active profile set, falling back to default profiles: default
2020-11-28 21:17:34.927  INFO 105884 --- [    Test worker] o.s.s.concurrent.ThreadPoolTaskExecutor  : Initializing ExecutorService 'applicationTaskExecutor'
2020-11-28 21:17:35.401  INFO 105884 --- [    Test worker] y.t.service.CoffeeProducerServiceTest    : Started CoffeeProducerServiceTest in 2.639 seconds (JVM running for 6.057)
2020-11-28 21:17:36.111  INFO 105884 --- [    Test worker] o.a.k.clients.producer.ProducerConfig    : ProducerConfig values: 
	acks = 1
	batch.size = 16384
	bootstrap.servers = [localhost:9091, localhost:9092, localhost:9093]
	buffer.memory = 33554432
	client.dns.lookup = default
	client.id = producer-1
	compression.type = none
	connections.max.idle.ms = 540000
	delivery.timeout.ms = 120000
	enable.idempotence = false
	interceptor.classes = []
	key.serializer = class org.apache.kafka.common.serialization.StringSerializer
	linger.ms = 0
	max.block.ms = 60000
	max.in.flight.requests.per.connection = 5
	max.request.size = 1048576
	metadata.max.age.ms = 300000
	metadata.max.idle.ms = 300000
	metric.reporters = []
	metrics.num.samples = 2
	metrics.recording.level = INFO
	metrics.sample.window.ms = 30000
	partitioner.class = class org.apache.kafka.clients.producer.internals.DefaultPartitioner
	receive.buffer.bytes = 32768
	reconnect.backoff.max.ms = 1000
	reconnect.backoff.ms = 50
	request.timeout.ms = 30000
	retries = 2147483647
	retry.backoff.ms = 100
	sasl.client.callback.handler.class = null
	sasl.jaas.config = null
	sasl.kerberos.kinit.cmd = /usr/bin/kinit
	sasl.kerberos.min.time.before.relogin = 60000
	sasl.kerberos.service.name = null
	sasl.kerberos.ticket.renew.jitter = 0.05
	sasl.kerberos.ticket.renew.window.factor = 0.8
	sasl.login.callback.handler.class = null
	sasl.login.class = null
	sasl.login.refresh.buffer.seconds = 300
	sasl.login.refresh.min.period.seconds = 60
	sasl.login.refresh.window.factor = 0.8
	sasl.login.refresh.window.jitter = 0.05
	sasl.mechanism = GSSAPI
	security.protocol = PLAINTEXT
	security.providers = null
	send.buffer.bytes = 131072
	ssl.cipher.suites = null
	ssl.enabled.protocols = [TLSv1.2]
	ssl.endpoint.identification.algorithm = https
	ssl.key.password = null
	ssl.keymanager.algorithm = SunX509
	ssl.keystore.location = null
	ssl.keystore.password = null
	ssl.keystore.type = JKS
	ssl.protocol = TLSv1.2
	ssl.provider = null
	ssl.secure.random.implementation = null
	ssl.trustmanager.algorithm = PKIX
	ssl.truststore.location = null
	ssl.truststore.password = null
	ssl.truststore.type = JKS
	transaction.timeout.ms = 60000
	transactional.id = null
	value.serializer = class org.springframework.kafka.support.serializer.JsonSerializer

2020-11-28 21:17:36.349  INFO 105884 --- [    Test worker] o.a.kafka.common.utils.AppInfoParser     : Kafka version: 2.5.1
2020-11-28 21:17:36.351  INFO 105884 --- [    Test worker] o.a.kafka.common.utils.AppInfoParser     : Kafka commitId: 0efa8fb0f4c73d92
2020-11-28 21:17:36.352  INFO 105884 --- [    Test worker] o.a.kafka.common.utils.AppInfoParser     : Kafka startTimeMs: 1606565856345
2020-11-28 21:17:36.825  INFO 105884 --- [ad | producer-1] org.apache.kafka.clients.Metadata        : [Producer clientId=producer-1] Cluster ID: WWQbP8SdSQeJVGP6ccQ7nw
]]></system-out>
  <system-err><![CDATA[]]></system-err>
</testsuite>
